[debug] [2021-08-08T08:49:06.550Z] ----------------------------------------------------------------------
[debug] [2021-08-08T08:49:06.552Z] Command:       C:\Program Files\nodejs\node.exe C:\Users\janne\AppData\Roaming\npm\node_modules\firebase-tools\lib\bin\firebase.js emulators:start
[debug] [2021-08-08T08:49:06.552Z] CLI Version:   9.12.1
[debug] [2021-08-08T08:49:06.552Z] Platform:      win32
[debug] [2021-08-08T08:49:06.552Z] Node Version:  v14.16.0
[debug] [2021-08-08T08:49:06.553Z] Time:          Sun Aug 08 2021 11:49:06 GMT+0300 (Eastern European Summer Time)
[debug] [2021-08-08T08:49:06.553Z] ----------------------------------------------------------------------
[debug] 
[debug] [2021-08-08T08:49:06.558Z] >>> [apiv2][query] GET https://firebase-public.firebaseio.com/cli.json [none]
[debug] [2021-08-08T08:49:06.604Z] > command requires scopes: ["email","openid","https://www.googleapis.com/auth/cloudplatformprojects.readonly","https://www.googleapis.com/auth/firebase","https://www.googleapis.com/auth/cloud-platform"]
[debug] [2021-08-08T08:49:06.604Z] > authorizing via signed-in user (janne.korkee@gmail.com)
[info] i  emulators: Starting emulators: functions, firestore, hosting {"metadata":{"emulator":{"name":"hub"},"message":"Starting emulators: functions, firestore, hosting"}}
[debug] [2021-08-08T08:49:06.616Z] [hub] writing locator at C:\Users\janne\AppData\Local\Temp\hub-shoot-first-die-last.json
[warn] !  functions: The functions emulator is configured but there is no functions source directory. Have you run firebase init functions? {"metadata":{"emulator":{"name":"functions"},"message":"The functions emulator is configured but there is no functions source directory. Have you run \u001b[1mfirebase init functions\u001b[22m?"}}
[warn] !  firestore: Did not find a Cloud Firestore rules file specified in a firebase.json config file. {"metadata":{"emulator":{"name":"firestore"},"message":"Did not find a Cloud Firestore rules file specified in a firebase.json config file."}}
[warn] !  firestore: The emulator will default to allowing all reads and writes. Learn more about this option: https://firebase.google.com/docs/emulator-suite/install_and_configure#security_rules_configuration. {"metadata":{"emulator":{"name":"firestore"},"message":"The emulator will default to allowing all reads and writes. Learn more about this option: https://firebase.google.com/docs/emulator-suite/install_and_configure#security_rules_configuration."}}
[debug] [2021-08-08T08:49:06.662Z] Ignoring unsupported arg: projectId {"metadata":{"emulator":{"name":"firestore"},"message":"Ignoring unsupported arg: projectId"}}
[debug] [2021-08-08T08:49:06.662Z] Ignoring unsupported arg: auto_download {"metadata":{"emulator":{"name":"firestore"},"message":"Ignoring unsupported arg: auto_download"}}
[debug] [2021-08-08T08:49:06.662Z] Starting Firestore Emulator with command {"binary":"java","args":["-Dgoogle.cloud_firestore.debug_log_level=FINE","-Duser.language=en","-jar","C:\\Users\\janne\\.cache\\firebase\\emulators\\cloud-firestore-emulator-v1.12.0.jar","--host","localhost","--port",8080],"optionalArgs":["port","webchannel_port","host","rules","functions_emulator","seed_from_export"],"joinArgs":false} {"metadata":{"emulator":{"name":"firestore"},"message":"Starting Firestore Emulator with command {\"binary\":\"java\",\"args\":[\"-Dgoogle.cloud_firestore.debug_log_level=FINE\",\"-Duser.language=en\",\"-jar\",\"C:\\\\Users\\\\janne\\\\.cache\\\\firebase\\\\emulators\\\\cloud-firestore-emulator-v1.12.0.jar\",\"--host\",\"localhost\",\"--port\",8080],\"optionalArgs\":[\"port\",\"webchannel_port\",\"host\",\"rules\",\"functions_emulator\",\"seed_from_export\"],\"joinArgs\":false}"}}
[info] i  firestore: Firestore Emulator logging to firestore-debug.log {"metadata":{"emulator":{"name":"firestore"},"message":"Firestore Emulator logging to \u001b[1mfirestore-debug.log\u001b[22m"}}
[debug] [2021-08-08T08:49:07.276Z] <<< [apiv2][status] GET https://firebase-public.firebaseio.com/cli.json 200
[debug] [2021-08-08T08:49:07.276Z] <<< [apiv2][body] GET https://firebase-public.firebaseio.com/cli.json {"cloudBuildErrorAfter":1594252800000,"cloudBuildWarnAfter":1590019200000,"defaultNode10After":1594252800000,"minVersion":"3.0.5","node8DeploysDisabledAfter":1613390400000,"node8RuntimeDisabledAfter":1615809600000,"node8WarnAfter":1600128000000}
[debug] [2021-08-08T08:49:07.933Z] > refreshing access token with scopes: []
[debug] [2021-08-08T08:49:07.933Z] >>> HTTP REQUEST POST https://www.googleapis.com/oauth2/v3/token  
 <request body omitted>
[debug] [2021-08-08T08:49:08.399Z] <<< HTTP RESPONSE 200 {"date":"Sun, 08 Aug 2021 08:49:09 GMT","cache-control":"no-cache, no-store, max-age=0, must-revalidate","pragma":"no-cache","expires":"Mon, 01 Jan 1990 00:00:00 GMT","content-type":"application/json; charset=utf-8","vary":"X-Origin, Referer, Origin,Accept-Encoding","server":"scaffolding on HTTPServer2","x-xss-protection":"0","x-frame-options":"SAMEORIGIN","x-content-type-options":"nosniff","alt-svc":"h3=\":443\"; ma=2592000,h3-29=\":443\"; ma=2592000,h3-T051=\":443\"; ma=2592000,h3-Q050=\":443\"; ma=2592000,h3-Q046=\":443\"; ma=2592000,h3-Q043=\":443\"; ma=2592000,quic=\":443\"; ma=2592000; v=\"46,43\"","accept-ranges":"none","transfer-encoding":"chunked"}
[debug] [2021-08-08T08:49:08.409Z] >>> [apiv2][query] GET https://firebasehosting.googleapis.com/v1beta1/projects/shoot-first-die-last/sites 
[debug] [2021-08-08T08:49:09.513Z] <<< [apiv2][status] GET https://firebasehosting.googleapis.com/v1beta1/projects/shoot-first-die-last/sites 200
[debug] [2021-08-08T08:49:09.513Z] <<< [apiv2][body] GET https://firebasehosting.googleapis.com/v1beta1/projects/shoot-first-die-last/sites {"sites":[{"name":"projects/876814290410/sites/shoot-first-die-last","defaultUrl":"https://shoot-first-die-last.web.app","type":"DEFAULT_SITE"}]}
[debug] [2021-08-08T08:49:09.513Z] >>> [apiv2][query] GET https://firebase.googleapis.com/v1beta1/projects/shoot-first-die-last/webApps/-/config [none]
[debug] [2021-08-08T08:49:10.659Z] <<< [apiv2][status] GET https://firebase.googleapis.com/v1beta1/projects/shoot-first-die-last/webApps/-/config 200
[debug] [2021-08-08T08:49:10.659Z] <<< [apiv2][body] GET https://firebase.googleapis.com/v1beta1/projects/shoot-first-die-last/webApps/-/config {"projectId":"shoot-first-die-last","appId":"1:876814290410:web:c98def5f594822bb133693","storageBucket":"shoot-first-die-last.appspot.com","locationId":"europe-west","apiKey":"AIzaSyDKNpYDWLHvfyz2RyquR-MpdVds9y_S9Pk","authDomain":"shoot-first-die-last.firebaseapp.com","messagingSenderId":"876814290410"}
[info] i  hosting: Serving hosting files from: build {"metadata":{"emulator":{"name":"hosting"},"message":"Serving hosting files from: \u001b[1mbuild\u001b[22m"}}
[info] +  hosting: Local server: http://localhost:5000 {"metadata":{"emulator":{"name":"hosting"},"message":"Local server: \u001b[4m\u001b[1mhttp://localhost:5000\u001b[22m\u001b[24m"}}
[debug] [2021-08-08T08:49:10.685Z] Ignoring unsupported arg: auto_download {"metadata":{"emulator":{"name":"ui"},"message":"Ignoring unsupported arg: auto_download"}}
[debug] [2021-08-08T08:49:10.685Z] Ignoring unsupported arg: port {"metadata":{"emulator":{"name":"ui"},"message":"Ignoring unsupported arg: port"}}
[debug] [2021-08-08T08:49:10.685Z] Starting Emulator UI with command {"binary":"node","args":["C:\\Users\\janne\\.cache\\firebase\\emulators\\ui-v1.5.0\\server.bundle.js"],"optionalArgs":[],"joinArgs":false} {"metadata":{"emulator":{"name":"ui"},"message":"Starting Emulator UI with command {\"binary\":\"node\",\"args\":[\"C:\\\\Users\\\\janne\\\\.cache\\\\firebase\\\\emulators\\\\ui-v1.5.0\\\\server.bundle.js\"],\"optionalArgs\":[],\"joinArgs\":false}"}}
[info] i  ui: Emulator UI logging to ui-debug.log {"metadata":{"emulator":{"name":"ui"},"message":"Emulator UI logging to \u001b[1mui-debug.log\u001b[22m"}}
[debug] [2021-08-08T08:49:10.774Z] Web / API server started at http://localhost:4000
 {"metadata":{"emulator":{"name":"ui"},"message":"Web / API server started at http://localhost:4000\n"}}
[info] 
┌─────────────────────────────────────────────────────────────┐
│ ✔  All emulators ready! It is now safe to connect your app. │
│ i  View Emulator UI at http://localhost:4000                │
└─────────────────────────────────────────────────────────────┘

┌───────────┬──────────────────────────────────┬─────────────────────────────────┐
│ Emulator  │ Host:Port                        │ View in Emulator UI             │
├───────────┼──────────────────────────────────┼─────────────────────────────────┤
│ Functions │ Failed to initialize (see above) │                                 │
├───────────┼──────────────────────────────────┼─────────────────────────────────┤
│ Firestore │ localhost:8080                   │ http://localhost:4000/firestore │
├───────────┼──────────────────────────────────┼─────────────────────────────────┤
│ Hosting   │ localhost:5000                   │ n/a                             │
└───────────┴──────────────────────────────────┴─────────────────────────────────┘
  Emulator Hub running at localhost:4400
  Other reserved ports: 4500

Issues? Report them at https://github.com/firebase/firebase-tools/issues and attach the *-debug.log files.
 
